StoreFrontAdmin/build/app/intermediates/manifest_merge_blame_file/debug/manifest-merger-blame-debug-report.txt
1<?xml version="1.0" encoding="utf-8"?>
2<manifest xmlns:android="http://schemas.android.com/apk/res/android"
3    package="com.example.storefront"
4    android:versionCode="1"
5    android:versionName="1.0.0" >
6
7    <uses-sdk
8        android:minSdkVersion="21"
9        android:targetSdkVersion="34" />
10    <!--
11         The INTERNET permission is required for development. Specifically,
12         the Flutter tool needs it to communicate with the running application
13         to allow setting breakpoints, to provide hot reload, etc.
14    -->
15    <uses-permission android:name="android.permission.INTERNET" />
15-->src/main/AndroidManifest.xml:5:5-67
15-->src/main/AndroidManifest.xml:5:22-64
16    <!--
17     Required to query activities that can process text, see:
18         https://developer.android.com/training/package-visibility and
19         https://developer.android.com/reference/android/content/Intent#ACTION_PROCESS_TEXT.
20
21         In particular, this is used by the Flutter engine in io.flutter.plugin.text.ProcessTextPlugin.
22    -->
23    <queries>
23-->src/main/AndroidManifest.xml:44:5-49:15
24        <intent>
24-->src/main/AndroidManifest.xml:45:9-48:18
25            <action android:name="android.intent.action.PROCESS_TEXT" />
25-->src/main/AndroidManifest.xml:46:13-72
25-->src/main/AndroidManifest.xml:46:21-70
26
27            <data android:mimeType="text/plain" />
27-->src/main/AndroidManifest.xml:47:13-50
27-->src/main/AndroidManifest.xml:47:19-48
28        </intent>
29    </queries>
30
31    <uses-permission android:name="android.permission.ACCESS_NETWORK_STATE" />
31-->[:firebase_analytics] AndroidManifest.xml:7:5-79
31-->[:firebase_analytics] AndroidManifest.xml:7:22-76
32    <uses-permission android:name="android.permission.WAKE_LOCK" />
32-->[:firebase_analytics] AndroidManifest.xml:9:5-68
32-->[:firebase_analytics] AndroidManifest.xml:9:22-65
33    <uses-permission android:name="com.google.android.gms.permission.AD_ID" />
33-->[com.google.android.gms:play-services-measurement-api:22.1.0] AndroidManifest.xml:25:5-79
33-->[com.google.android.gms:play-services-measurement-api:22.1.0] AndroidManifest.xml:25:22-76
34    <uses-permission android:name="android.permission.ACCESS_ADSERVICES_ATTRIBUTION" />
34-->[com.google.android.gms:play-services-measurement-api:22.1.0] AndroidManifest.xml:26:5-88
34-->[com.google.android.gms:play-services-measurement-api:22.1.0] AndroidManifest.xml:26:22-85
35    <uses-permission android:name="android.permission.ACCESS_ADSERVICES_AD_ID" />
35-->[com.google.android.gms:play-services-measurement-api:22.1.0] AndroidManifest.xml:27:5-82
35-->[com.google.android.gms:play-services-measurement-api:22.1.0] AndroidManifest.xml:27:22-79
36    <uses-permission android:name="com.google.android.finsky.permission.BIND_GET_INSTALL_REFERRER_SERVICE" />
36-->[com.google.android.gms:play-services-measurement:22.1.0] AndroidManifest.xml:26:5-110
36-->[com.google.android.gms:play-services-measurement:22.1.0] AndroidManifest.xml:26:22-107
37
38    <permission
38-->[androidx.core:core:1.13.1] AndroidManifest.xml:22:5-24:47
39        android:name="com.example.storefront.DYNAMIC_RECEIVER_NOT_EXPORTED_PERMISSION"
39-->[androidx.core:core:1.13.1] AndroidManifest.xml:23:9-81
40        android:protectionLevel="signature" />
40-->[androidx.core:core:1.13.1] AndroidManifest.xml:24:9-44
41
42    <uses-permission android:name="com.example.storefront.DYNAMIC_RECEIVER_NOT_EXPORTED_PERMISSION" />
42-->[androidx.core:core:1.13.1] AndroidManifest.xml:26:5-97
42-->[androidx.core:core:1.13.1] AndroidManifest.xml:26:22-94
43
44    <application
45        android:name="android.app.Application"
46        android:appComponentFactory="androidx.core.app.CoreComponentFactory"
46-->[androidx.core:core:1.13.1] AndroidManifest.xml:28:18-86
47        android:debuggable="true"
48        android:extractNativeLibs="true"
49        android:icon="@mipmap/ic_launcher"
50        android:label="storefront" >
51        <activity
52            android:name="com.example.storefront.MainActivity"
53            android:configChanges="orientation|keyboardHidden|keyboard|screenSize|smallestScreenSize|locale|layoutDirection|fontScale|screenLayout|density|uiMode"
54            android:exported="true"
55            android:hardwareAccelerated="true"
56            android:launchMode="singleTop"
57            android:taskAffinity=""
58            android:theme="@style/LaunchTheme"
59            android:windowSoftInputMode="adjustResize" >
60
61            <!--
62                 Specifies an Android theme to apply to this Activity as soon as
63                 the Android process has started. This theme is visible to the user
64                 while the Flutter UI initializes. After that, this theme continues
65                 to determine the Window background behind the Flutter UI.
66            -->
67            <meta-data
68                android:name="io.flutter.embedding.android.NormalTheme"
69                android:resource="@style/NormalTheme" />
70
71            <intent-filter>
72                <action android:name="android.intent.action.MAIN" />
73
74                <category android:name="android.intent.category.LAUNCHER" />
75            </intent-filter>
76        </activity>
77        <!--
78             Don't delete the meta-data below.
79             This is used by the Flutter tool to generate GeneratedPluginRegistrant.java
80        -->
81        <meta-data
82            android:name="flutterEmbedding"
83            android:value="2" />
84
85        <service
85-->[:firebase_analytics] AndroidManifest.xml:12:9-16:19
86            android:name="com.google.firebase.components.ComponentDiscoveryService"
86-->[:firebase_analytics] AndroidManifest.xml:12:18-89
87            android:directBootAware="true"
87-->[com.google.firebase:firebase-common:21.0.0] AndroidManifest.xml:32:13-43
88            android:exported="false" >
88-->[com.google.firebase:firebase-crashlytics:19.1.0] AndroidManifest.xml:14:13-37
89            <meta-data
89-->[:firebase_analytics] AndroidManifest.xml:13:13-15:85
90                android:name="com.google.firebase.components:io.flutter.plugins.firebase.analytics.FlutterFirebaseAppRegistrar"
90-->[:firebase_analytics] AndroidManifest.xml:14:17-128
91                android:value="com.google.firebase.components.ComponentRegistrar" />
91-->[:firebase_analytics] AndroidManifest.xml:15:17-82
92            <meta-data
92-->[:firebase_crashlytics] AndroidManifest.xml:9:13-11:85
93                android:name="com.google.firebase.components:io.flutter.plugins.firebase.crashlytics.FlutterFirebaseAppRegistrar"
93-->[:firebase_crashlytics] AndroidManifest.xml:10:17-130
94                android:value="com.google.firebase.components.ComponentRegistrar" />
94-->[:firebase_crashlytics] AndroidManifest.xml:11:17-82
95            <meta-data
95-->[:firebase_remote_config] AndroidManifest.xml:9:13-11:85
96                android:name="com.google.firebase.components:io.flutter.plugins.firebase.firebaseremoteconfig.FlutterFirebaseAppRegistrar"
96-->[:firebase_remote_config] AndroidManifest.xml:10:17-139
97                android:value="com.google.firebase.components.ComponentRegistrar" />
97-->[:firebase_remote_config] AndroidManifest.xml:11:17-82
98            <meta-data
98-->[:firebase_core] AndroidManifest.xml:9:13-11:85
99                android:name="com.google.firebase.components:io.flutter.plugins.firebase.core.FlutterFirebaseCoreRegistrar"
99-->[:firebase_core] AndroidManifest.xml:10:17-124
100                android:value="com.google.firebase.components.ComponentRegistrar" />
100-->[:firebase_core] AndroidManifest.xml:11:17-82
101            <meta-data
101-->[com.google.firebase:firebase-crashlytics:19.1.0] AndroidManifest.xml:15:13-17:85
102                android:name="com.google.firebase.components:com.google.firebase.crashlytics.FirebaseCrashlyticsKtxRegistrar"
102-->[com.google.firebase:firebase-crashlytics:19.1.0] AndroidManifest.xml:16:17-126
103                android:value="com.google.firebase.components.ComponentRegistrar" />
103-->[com.google.firebase:firebase-crashlytics:19.1.0] AndroidManifest.xml:17:17-82
104            <meta-data
104-->[com.google.firebase:firebase-crashlytics:19.1.0] AndroidManifest.xml:18:13-20:85
105                android:name="com.google.firebase.components:com.google.firebase.crashlytics.CrashlyticsRegistrar"
105-->[com.google.firebase:firebase-crashlytics:19.1.0] AndroidManifest.xml:19:17-115
106                android:value="com.google.firebase.components.ComponentRegistrar" />
106-->[com.google.firebase:firebase-crashlytics:19.1.0] AndroidManifest.xml:20:17-82
107            <meta-data
107-->[com.google.firebase:firebase-config:22.0.0] AndroidManifest.xml:29:13-31:85
108                android:name="com.google.firebase.components:com.google.firebase.remoteconfig.FirebaseRemoteConfigKtxRegistrar"
108-->[com.google.firebase:firebase-config:22.0.0] AndroidManifest.xml:30:17-128
109                android:value="com.google.firebase.components.ComponentRegistrar" />
109-->[com.google.firebase:firebase-config:22.0.0] AndroidManifest.xml:31:17-82
110            <meta-data
110-->[com.google.firebase:firebase-config:22.0.0] AndroidManifest.xml:32:13-34:85
111                android:name="com.google.firebase.components:com.google.firebase.remoteconfig.RemoteConfigRegistrar"
111-->[com.google.firebase:firebase-config:22.0.0] AndroidManifest.xml:33:17-117
112                android:value="com.google.firebase.components.ComponentRegistrar" />
112-->[com.google.firebase:firebase-config:22.0.0] AndroidManifest.xml:34:17-82
113            <meta-data
113-->[com.google.android.gms:play-services-measurement-api:22.1.0] AndroidManifest.xml:37:13-39:85
114                android:name="com.google.firebase.components:com.google.firebase.analytics.connector.internal.AnalyticsConnectorRegistrar"
114-->[com.google.android.gms:play-services-measurement-api:22.1.0] AndroidManifest.xml:38:17-139
115                android:value="com.google.firebase.components.ComponentRegistrar" />
115-->[com.google.android.gms:play-services-measurement-api:22.1.0] AndroidManifest.xml:39:17-82
116            <meta-data
116-->[com.google.firebase:firebase-sessions:2.0.4] AndroidManifest.xml:29:13-31:85
117                android:name="com.google.firebase.components:com.google.firebase.sessions.FirebaseSessionsRegistrar"
117-->[com.google.firebase:firebase-sessions:2.0.4] AndroidManifest.xml:30:17-117
118                android:value="com.google.firebase.components.ComponentRegistrar" />
118-->[com.google.firebase:firebase-sessions:2.0.4] AndroidManifest.xml:31:17-82
119            <meta-data
119-->[com.google.firebase:firebase-installations:18.0.0] AndroidManifest.xml:15:13-17:85
120                android:name="com.google.firebase.components:com.google.firebase.installations.FirebaseInstallationsKtxRegistrar"
120-->[com.google.firebase:firebase-installations:18.0.0] AndroidManifest.xml:16:17-130
121                android:value="com.google.firebase.components.ComponentRegistrar" />
121-->[com.google.firebase:firebase-installations:18.0.0] AndroidManifest.xml:17:17-82
122            <meta-data
122-->[com.google.firebase:firebase-installations:18.0.0] AndroidManifest.xml:18:13-20:85
123                android:name="com.google.firebase.components:com.google.firebase.installations.FirebaseInstallationsRegistrar"
123-->[com.google.firebase:firebase-installations:18.0.0] AndroidManifest.xml:19:17-127
124                android:value="com.google.firebase.components.ComponentRegistrar" />
124-->[com.google.firebase:firebase-installations:18.0.0] AndroidManifest.xml:20:17-82
125            <meta-data
125-->[com.google.firebase:firebase-common-ktx:21.0.0] AndroidManifest.xml:12:13-14:85
126                android:name="com.google.firebase.components:com.google.firebase.ktx.FirebaseCommonLegacyRegistrar"
126-->[com.google.firebase:firebase-common-ktx:21.0.0] AndroidManifest.xml:13:17-116
127                android:value="com.google.firebase.components.ComponentRegistrar" />
127-->[com.google.firebase:firebase-common-ktx:21.0.0] AndroidManifest.xml:14:17-82
128            <meta-data
128-->[com.google.firebase:firebase-datatransport:19.0.0] AndroidManifest.xml:25:13-27:85
129                android:name="com.google.firebase.components:com.google.firebase.datatransport.TransportRegistrar"
129-->[com.google.firebase:firebase-datatransport:19.0.0] AndroidManifest.xml:26:17-115
130                android:value="com.google.firebase.components.ComponentRegistrar" />
130-->[com.google.firebase:firebase-datatransport:19.0.0] AndroidManifest.xml:27:17-82
131            <meta-data
131-->[com.google.firebase:firebase-common:21.0.0] AndroidManifest.xml:35:13-37:85
132                android:name="com.google.firebase.components:com.google.firebase.FirebaseCommonKtxRegistrar"
132-->[com.google.firebase:firebase-common:21.0.0] AndroidManifest.xml:36:17-109
133                android:value="com.google.firebase.components.ComponentRegistrar" />
133-->[com.google.firebase:firebase-common:21.0.0] AndroidManifest.xml:37:17-82
134            <meta-data
134-->[com.google.firebase:firebase-abt:21.1.1] AndroidManifest.xml:12:13-14:85
135                android:name="com.google.firebase.components:com.google.firebase.abt.component.AbtRegistrar"
135-->[com.google.firebase:firebase-abt:21.1.1] AndroidManifest.xml:13:17-109
136                android:value="com.google.firebase.components.ComponentRegistrar" />
136-->[com.google.firebase:firebase-abt:21.1.1] AndroidManifest.xml:14:17-82
137        </service>
138
139        <property
139-->[com.google.android.gms:play-services-measurement-api:22.1.0] AndroidManifest.xml:30:9-32:61
140            android:name="android.adservices.AD_SERVICES_CONFIG"
140-->[com.google.android.gms:play-services-measurement-api:22.1.0] AndroidManifest.xml:31:13-65
141            android:resource="@xml/ga_ad_services_config" />
141-->[com.google.android.gms:play-services-measurement-api:22.1.0] AndroidManifest.xml:32:13-58
142
143        <service
143-->[com.google.firebase:firebase-sessions:2.0.4] AndroidManifest.xml:22:9-25:40
144            android:name="com.google.firebase.sessions.SessionLifecycleService"
144-->[com.google.firebase:firebase-sessions:2.0.4] AndroidManifest.xml:23:13-80
145            android:enabled="true"
145-->[com.google.firebase:firebase-sessions:2.0.4] AndroidManifest.xml:24:13-35
146            android:exported="false" />
146-->[com.google.firebase:firebase-sessions:2.0.4] AndroidManifest.xml:25:13-37
147        <service
147-->[com.google.android.datatransport:transport-backend-cct:3.3.0] AndroidManifest.xml:26:9-32:19
148            android:name="com.google.android.datatransport.runtime.backends.TransportBackendDiscovery"
148-->[com.google.android.datatransport:transport-backend-cct:3.3.0] AndroidManifest.xml:27:13-103
149            android:exported="false" >
149-->[com.google.android.datatransport:transport-backend-cct:3.3.0] AndroidManifest.xml:28:13-37
150            <meta-data
150-->[com.google.android.datatransport:transport-backend-cct:3.3.0] AndroidManifest.xml:29:13-31:39
151                android:name="backend:com.google.android.datatransport.cct.CctBackendFactory"
151-->[com.google.android.datatransport:transport-backend-cct:3.3.0] AndroidManifest.xml:30:17-94
152                android:value="cct" />
152-->[com.google.android.datatransport:transport-backend-cct:3.3.0] AndroidManifest.xml:31:17-36
153        </service>
154
155        <provider
155-->[com.google.firebase:firebase-common:21.0.0] AndroidManifest.xml:23:9-28:39
156            android:name="com.google.firebase.provider.FirebaseInitProvider"
156-->[com.google.firebase:firebase-common:21.0.0] AndroidManifest.xml:24:13-77
157            android:authorities="com.example.storefront.firebaseinitprovider"
157-->[com.google.firebase:firebase-common:21.0.0] AndroidManifest.xml:25:13-72
158            android:directBootAware="true"
158-->[com.google.firebase:firebase-common:21.0.0] AndroidManifest.xml:26:13-43
159            android:exported="false"
159-->[com.google.firebase:firebase-common:21.0.0] AndroidManifest.xml:27:13-37
160            android:initOrder="100" />
160-->[com.google.firebase:firebase-common:21.0.0] AndroidManifest.xml:28:13-36
161
162        <receiver
162-->[com.google.android.gms:play-services-measurement:22.1.0] AndroidManifest.xml:29:9-33:20
163            android:name="com.google.android.gms.measurement.AppMeasurementReceiver"
163-->[com.google.android.gms:play-services-measurement:22.1.0] AndroidManifest.xml:30:13-85
164            android:enabled="true"
164-->[com.google.android.gms:play-services-measurement:22.1.0] AndroidManifest.xml:31:13-35
165            android:exported="false" >
165-->[com.google.android.gms:play-services-measurement:22.1.0] AndroidManifest.xml:32:13-37
166        </receiver>
167
168        <service
168-->[com.google.android.gms:play-services-measurement:22.1.0] AndroidManifest.xml:35:9-38:40
169            android:name="com.google.android.gms.measurement.AppMeasurementService"
169-->[com.google.android.gms:play-services-measurement:22.1.0] AndroidManifest.xml:36:13-84
170            android:enabled="true"
170-->[com.google.android.gms:play-services-measurement:22.1.0] AndroidManifest.xml:37:13-35
171            android:exported="false" />
171-->[com.google.android.gms:play-services-measurement:22.1.0] AndroidManifest.xml:38:13-37
172        <service
172-->[com.google.android.gms:play-services-measurement:22.1.0] AndroidManifest.xml:39:9-43:72
173            android:name="com.google.android.gms.measurement.AppMeasurementJobService"
173-->[com.google.android.gms:play-services-measurement:22.1.0] AndroidManifest.xml:40:13-87
174            android:enabled="true"
174-->[com.google.android.gms:play-services-measurement:22.1.0] AndroidManifest.xml:41:13-35
175            android:exported="false"
175-->[com.google.android.gms:play-services-measurement:22.1.0] AndroidManifest.xml:42:13-37
176            android:permission="android.permission.BIND_JOB_SERVICE" />
176-->[com.google.android.gms:play-services-measurement:22.1.0] AndroidManifest.xml:43:13-69
177
178        <uses-library
178-->[androidx.window:window:1.2.0] AndroidManifest.xml:23:9-25:40
179            android:name="androidx.window.extensions"
179-->[androidx.window:window:1.2.0] AndroidManifest.xml:24:13-54
180            android:required="false" />
180-->[androidx.window:window:1.2.0] AndroidManifest.xml:25:13-37
181        <uses-library
181-->[androidx.window:window:1.2.0] AndroidManifest.xml:26:9-28:40
182            android:name="androidx.window.sidecar"
182-->[androidx.window:window:1.2.0] AndroidManifest.xml:27:13-51
183            android:required="false" />
183-->[androidx.window:window:1.2.0] AndroidManifest.xml:28:13-37
184        <uses-library
184-->[androidx.privacysandbox.ads:ads-adservices:1.0.0-beta05] AndroidManifest.xml:23:9-25:40
185            android:name="android.ext.adservices"
185-->[androidx.privacysandbox.ads:ads-adservices:1.0.0-beta05] AndroidManifest.xml:24:13-50
186            android:required="false" />
186-->[androidx.privacysandbox.ads:ads-adservices:1.0.0-beta05] AndroidManifest.xml:25:13-37
187
188        <meta-data
188-->[com.google.android.gms:play-services-basement:18.4.0] AndroidManifest.xml:6:9-122
189            android:name="com.google.android.gms.version"
189-->[com.google.android.gms:play-services-basement:18.4.0] AndroidManifest.xml:6:20-65
190            android:value="@integer/google_play_services_version" />
190-->[com.google.android.gms:play-services-basement:18.4.0] AndroidManifest.xml:6:66-119
191
192        <provider
192-->[androidx.lifecycle:lifecycle-process:2.7.0] AndroidManifest.xml:24:9-32:20
193            android:name="androidx.startup.InitializationProvider"
193-->[androidx.lifecycle:lifecycle-process:2.7.0] AndroidManifest.xml:25:13-67
194            android:authorities="com.example.storefront.androidx-startup"
194-->[androidx.lifecycle:lifecycle-process:2.7.0] AndroidManifest.xml:26:13-68
195            android:exported="false" >
195-->[androidx.lifecycle:lifecycle-process:2.7.0] AndroidManifest.xml:27:13-37
196            <meta-data
196-->[androidx.lifecycle:lifecycle-process:2.7.0] AndroidManifest.xml:29:13-31:52
197                android:name="androidx.lifecycle.ProcessLifecycleInitializer"
197-->[androidx.lifecycle:lifecycle-process:2.7.0] AndroidManifest.xml:30:17-78
198                android:value="androidx.startup" />
198-->[androidx.lifecycle:lifecycle-process:2.7.0] AndroidManifest.xml:31:17-49
199            <meta-data
199-->[androidx.profileinstaller:profileinstaller:1.3.1] AndroidManifest.xml:29:13-31:52
200                android:name="androidx.profileinstaller.ProfileInstallerInitializer"
200-->[androidx.profileinstaller:profileinstaller:1.3.1] AndroidManifest.xml:30:17-85
201                android:value="androidx.startup" />
201-->[androidx.profileinstaller:profileinstaller:1.3.1] AndroidManifest.xml:31:17-49
202        </provider>
203
204        <receiver
204-->[androidx.profileinstaller:profileinstaller:1.3.1] AndroidManifest.xml:34:9-52:20
205            android:name="androidx.profileinstaller.ProfileInstallReceiver"
205-->[androidx.profileinstaller:profileinstaller:1.3.1] AndroidManifest.xml:35:13-76
206            android:directBootAware="false"
206-->[androidx.profileinstaller:profileinstaller:1.3.1] AndroidManifest.xml:36:13-44
207            android:enabled="true"
207-->[androidx.profileinstaller:profileinstaller:1.3.1] AndroidManifest.xml:37:13-35
208            android:exported="true"
208-->[androidx.profileinstaller:profileinstaller:1.3.1] AndroidManifest.xml:38:13-36
209            android:permission="android.permission.DUMP" >
209-->[androidx.profileinstaller:profileinstaller:1.3.1] AndroidManifest.xml:39:13-57
210            <intent-filter>
210-->[androidx.profileinstaller:profileinstaller:1.3.1] AndroidManifest.xml:40:13-42:29
211                <action android:name="androidx.profileinstaller.action.INSTALL_PROFILE" />
211-->[androidx.profileinstaller:profileinstaller:1.3.1] AndroidManifest.xml:41:17-91
211-->[androidx.profileinstaller:profileinstaller:1.3.1] AndroidManifest.xml:41:25-88
212            </intent-filter>
213            <intent-filter>
213-->[androidx.profileinstaller:profileinstaller:1.3.1] AndroidManifest.xml:43:13-45:29
214                <action android:name="androidx.profileinstaller.action.SKIP_FILE" />
214-->[androidx.profileinstaller:profileinstaller:1.3.1] AndroidManifest.xml:44:17-85
214-->[androidx.profileinstaller:profileinstaller:1.3.1] AndroidManifest.xml:44:25-82
215            </intent-filter>
216            <intent-filter>
216-->[androidx.profileinstaller:profileinstaller:1.3.1] AndroidManifest.xml:46:13-48:29
217                <action android:name="androidx.profileinstaller.action.SAVE_PROFILE" />
217-->[androidx.profileinstaller:profileinstaller:1.3.1] AndroidManifest.xml:47:17-88
217-->[androidx.profileinstaller:profileinstaller:1.3.1] AndroidManifest.xml:47:25-85
218            </intent-filter>
219            <intent-filter>
219-->[androidx.profileinstaller:profileinstaller:1.3.1] AndroidManifest.xml:49:13-51:29
220                <action android:name="androidx.profileinstaller.action.BENCHMARK_OPERATION" />
220-->[androidx.profileinstaller:profileinstaller:1.3.1] AndroidManifest.xml:50:17-95
220-->[androidx.profileinstaller:profileinstaller:1.3.1] AndroidManifest.xml:50:25-92
221            </intent-filter>
222        </receiver>
223
224        <service
224-->[com.google.android.datatransport:transport-runtime:3.3.0] AndroidManifest.xml:24:9-28:19
225            android:name="com.google.android.datatransport.runtime.scheduling.jobscheduling.JobInfoSchedulerService"
225-->[com.google.android.datatransport:transport-runtime:3.3.0] AndroidManifest.xml:25:13-117
226            android:exported="false"
226-->[com.google.android.datatransport:transport-runtime:3.3.0] AndroidManifest.xml:26:13-37
227            android:permission="android.permission.BIND_JOB_SERVICE" >
227-->[com.google.android.datatransport:transport-runtime:3.3.0] AndroidManifest.xml:27:13-69
228        </service>
229
230        <receiver
230-->[com.google.android.datatransport:transport-runtime:3.3.0] AndroidManifest.xml:30:9-32:40
231            android:name="com.google.android.datatransport.runtime.scheduling.jobscheduling.AlarmManagerSchedulerBroadcastReceiver"
231-->[com.google.android.datatransport:transport-runtime:3.3.0] AndroidManifest.xml:31:13-132
232            android:exported="false" />
232-->[com.google.android.datatransport:transport-runtime:3.3.0] AndroidManifest.xml:32:13-37
233    </application>
234
235</manifest>